<?xml version="1.0" encoding="UTF-8"?>
<robot generator="Robot 7.2.2 (Python 3.13.3 on win32)" generated="2025-10-20T21:11:04.886781" rpa="false" schemaversion="5">
<suite id="s1" name="Serverest" source="C:\serverest\testcase\serverest.robot">
<test id="s1-t1" name="CN02_CT01 – Cadastrar um produto" line="27">
<kw name="Abrir Navegador" owner="global" type="SETUP">
<kw name="Evaluate" owner="BuiltIn">
<msg time="2025-10-20T21:11:06.705991" level="INFO">${chrome_options} = &lt;selenium.webdriver.chrome.options.Options object at 0x000002642C5917F0&gt;</msg>
<var>${chrome_options}</var>
<arg>sys.modules['selenium.webdriver'].ChromeOptions()</arg>
<arg>sys, selenium.webdriver</arg>
<doc>Evaluates the given expression in Python and returns the result.</doc>
<status status="PASS" start="2025-10-20T21:11:06.705204" elapsed="0.000889"/>
</kw>
<kw name="Call Method" owner="BuiltIn">
<arg>${chrome_options}</arg>
<arg>add_argument</arg>
<arg>--no-sandbox</arg>
<doc>Calls the named method of the given object with the provided arguments.</doc>
<status status="PASS" start="2025-10-20T21:11:06.706507" elapsed="0.000388"/>
</kw>
<kw name="Call Method" owner="BuiltIn">
<arg>${chrome_options}</arg>
<arg>add_argument</arg>
<arg>--disable-gpu</arg>
<doc>Calls the named method of the given object with the provided arguments.</doc>
<status status="PASS" start="2025-10-20T21:11:06.707207" elapsed="0.000346"/>
</kw>
<kw name="Call Method" owner="BuiltIn">
<arg>${chrome_options}</arg>
<arg>add_argument</arg>
<arg>--ignore-ssl-errors</arg>
<doc>Calls the named method of the given object with the provided arguments.</doc>
<status status="PASS" start="2025-10-20T21:11:06.707847" elapsed="0.000287"/>
</kw>
<kw name="Call Method" owner="BuiltIn">
<arg>${chrome_options}</arg>
<arg>add_argument</arg>
<arg>--ignore-certificate-errors</arg>
<doc>Calls the named method of the given object with the provided arguments.</doc>
<status status="PASS" start="2025-10-20T21:11:06.708411" elapsed="0.000358"/>
</kw>
<kw name="Call Method" owner="BuiltIn">
<arg>${chrome_options}</arg>
<arg>add_argument</arg>
<arg>--disable-web-security</arg>
<doc>Calls the named method of the given object with the provided arguments.</doc>
<status status="PASS" start="2025-10-20T21:11:06.709240" elapsed="0.000616"/>
</kw>
<kw name="Call Method" owner="BuiltIn">
<arg>${chrome_options}</arg>
<arg>add_argument</arg>
<arg>--disable-dev-shm-usage</arg>
<doc>Calls the named method of the given object with the provided arguments.</doc>
<status status="PASS" start="2025-10-20T21:11:06.710358" elapsed="0.000781"/>
</kw>
<kw name="Call Method" owner="BuiltIn">
<arg>${chrome_options}</arg>
<arg>add_argument</arg>
<arg>--disable-setuid-sandbox</arg>
<doc>Calls the named method of the given object with the provided arguments.</doc>
<status status="PASS" start="2025-10-20T21:11:06.711949" elapsed="0.000447"/>
</kw>
<kw name="Call Method" owner="BuiltIn">
<arg>${chrome_options}</arg>
<arg>add_argument</arg>
<arg>--disable-site-isolation-trials</arg>
<doc>Calls the named method of the given object with the provided arguments.</doc>
<status status="PASS" start="2025-10-20T21:11:06.712728" elapsed="0.000315"/>
</kw>
<kw name="Call Method" owner="BuiltIn">
<arg>${chrome_options}</arg>
<arg>add_argument</arg>
<arg>--ignore-certificate-errors-spki-list</arg>
<doc>Calls the named method of the given object with the provided arguments.</doc>
<status status="PASS" start="2025-10-20T21:11:06.713322" elapsed="0.000279"/>
</kw>
<kw name="Call Method" owner="BuiltIn">
<arg>${chrome_options}</arg>
<arg>add_argument</arg>
<arg>--disable-logging</arg>
<doc>Calls the named method of the given object with the provided arguments.</doc>
<status status="PASS" start="2025-10-20T21:11:06.713864" elapsed="0.000276"/>
</kw>
<kw name="Call Method" owner="BuiltIn">
<msg time="2025-10-20T21:11:06.714808" level="INFO">${options} = {'browserName': 'chrome', 'pageLoadStrategy': &lt;PageLoadStrategy.normal: 'normal'&gt;, 'goog:chromeOptions': {'extensions': [], 'args': ['--no-sandbox', '--disable-gpu', '--ignore-ssl-errors', '--ignore-c...</msg>
<var>${options}</var>
<arg>${chrome_options}</arg>
<arg>to_capabilities</arg>
<doc>Calls the named method of the given object with the provided arguments.</doc>
<status status="PASS" start="2025-10-20T21:11:06.714402" elapsed="0.000485"/>
</kw>
<kw name="Create List" owner="BuiltIn">
<msg time="2025-10-20T21:11:06.715436" level="INFO">${EXCLUDES} = ['enable-logging']</msg>
<var>${EXCLUDES}</var>
<arg>enable-logging</arg>
<doc>Returns a list containing given items.</doc>
<status status="PASS" start="2025-10-20T21:11:06.715173" elapsed="0.000328"/>
</kw>
<kw name="Call Method" owner="BuiltIn">
<arg>${chrome_options}</arg>
<arg>add_experimental_option</arg>
<arg>excludeSwitches</arg>
<arg>${EXCLUDES}</arg>
<doc>Calls the named method of the given object with the provided arguments.</doc>
<status status="PASS" start="2025-10-20T21:11:06.715751" elapsed="0.000333"/>
</kw>
<kw name="Open Browser" owner="SeleniumLibrary">
<msg time="2025-10-20T21:11:06.718469" level="INFO">Opening browser 'Chrome' to base url 'https://front.serverest.dev/login'.</msg>
<arg>${url.serverest}</arg>
<arg>${url.BROWSER}</arg>
<doc>Opens a new browser instance to the optional ``url``.</doc>
<status status="PASS" start="2025-10-20T21:11:06.716454" elapsed="5.001893"/>
</kw>
<kw name="Set Window Size" owner="SeleniumLibrary">
<arg>1400</arg>
<arg>1080</arg>
<doc>Sets current windows size to given ``width`` and ``height``.</doc>
<status status="PASS" start="2025-10-20T21:11:11.719004" elapsed="0.390946"/>
</kw>
<status status="PASS" start="2025-10-20T21:11:06.701085" elapsed="5.409177"/>
</kw>
<kw name="GIVEN que faço login no sistema" owner="serverest_service">
<kw name="Logar no sistema" owner="global">
<kw name="Run Keyword If" owner="BuiltIn">
<kw name="Run Keyword If" owner="BuiltIn">
<kw name="Run Keyword If" owner="BuiltIn">
<arg>"${PERFIL}" == "CLIENTE"</arg>
<arg>Logar no sistema</arg>
<arg>${PERFIL.CLIENTE}</arg>
<doc>Runs the given keyword with the given arguments, if ``condition`` is true.</doc>
<status status="PASS" start="2025-10-20T21:11:12.116940" elapsed="0.000531"/>
</kw>
<arg>"${PERFIL}" == "GERENTE"</arg>
<arg>Logar no sistema</arg>
<arg>${PERFIL.GERENTE}</arg>
<arg>ELSE</arg>
<arg>Run Keyword If</arg>
<arg>"${PERFIL}" == "CLIENTE"</arg>
<arg>Logar no sistema</arg>
<arg>${PERFIL.CLIENTE}</arg>
<doc>Runs the given keyword with the given arguments, if ``condition`` is true.</doc>
<status status="PASS" start="2025-10-20T21:11:12.116235" elapsed="0.001534"/>
</kw>
<arg>"${PERFIL}" == "ANALISTA"</arg>
<arg>Logar no sistema</arg>
<arg>${PERFIL.ANALISTA}</arg>
<arg>ELSE</arg>
<arg>Run Keyword If</arg>
<arg>"${PERFIL}" == "GERENTE"</arg>
<arg>Logar no sistema</arg>
<arg>${PERFIL.GERENTE}</arg>
<arg>ELSE</arg>
<arg>Run Keyword If</arg>
<arg>"${PERFIL}" == "CLIENTE"</arg>
<arg>Logar no sistema</arg>
<arg>${PERFIL.CLIENTE}</arg>
<doc>Runs the given keyword with the given arguments, if ``condition`` is true.</doc>
<status status="PASS" start="2025-10-20T21:11:12.115414" elapsed="0.002637"/>
</kw>
<kw name="Sleep" owner="BuiltIn">
<msg time="2025-10-20T21:11:14.119227" level="INFO">Slept 2 seconds.</msg>
<arg>2</arg>
<doc>Pauses the test executed for the given time.</doc>
<status status="PASS" start="2025-10-20T21:11:12.118670" elapsed="2.000794"/>
</kw>
<kw name="Wait Until Element Is Visible" owner="SeleniumLibrary">
<arg>${loginPO.campoEmail}</arg>
<doc>Waits until the element ``locator`` is visible.</doc>
<status status="PASS" start="2025-10-20T21:11:14.119876" elapsed="0.046304"/>
</kw>
<kw name="Input Text" owner="SeleniumLibrary">
<msg time="2025-10-20T21:11:14.167743" level="INFO">Typing text 'analista@gmail.com' into text field '//input[@id='email']'.</msg>
<arg>${loginPO.campoEmail}</arg>
<arg>${PERFIL}</arg>
<doc>Types the given ``text`` into the text field identified by ``locator``.</doc>
<status status="PASS" start="2025-10-20T21:11:14.166564" elapsed="0.268459"/>
</kw>
<kw name="Input Text" owner="SeleniumLibrary">
<msg time="2025-10-20T21:11:14.438139" level="INFO">Typing text 'Banana1234' into text field '//input[@id='password']'.</msg>
<arg>${loginPO.campoPassword}</arg>
<arg>${loginPO.password}</arg>
<doc>Types the given ``text`` into the text field identified by ``locator``.</doc>
<status status="PASS" start="2025-10-20T21:11:14.435836" elapsed="0.183160"/>
</kw>
<kw name="Click Element" owner="SeleniumLibrary">
<msg time="2025-10-20T21:11:14.621026" level="INFO">Clicking element 'css=button[type=submit]'.</msg>
<arg>${loginPO.btnEntrar}</arg>
<doc>Click the element identified by ``locator``.</doc>
<status status="PASS" start="2025-10-20T21:11:14.619542" elapsed="0.150823"/>
</kw>
<arg>${PERFIL}</arg>
<status status="PASS" start="2025-10-20T21:11:12.114452" elapsed="2.656319"/>
</kw>
<kw name="validar o acesso" owner="global">
<kw name="Sleep" owner="BuiltIn">
<msg time="2025-10-20T21:11:19.774923" level="INFO">Slept 5 seconds.</msg>
<arg>05</arg>
<doc>Pauses the test executed for the given time.</doc>
<status status="PASS" start="2025-10-20T21:11:14.774249" elapsed="5.001007"/>
</kw>
<kw name="Title Should Be" owner="SeleniumLibrary">
<msg time="2025-10-20T21:11:19.796443" level="INFO">Page title is 'Front - ServeRest'.</msg>
<arg>Front - ServeRest</arg>
<doc>Verifies that the current page title equals ``title``.</doc>
<status status="PASS" start="2025-10-20T21:11:19.775945" elapsed="0.020823"/>
</kw>
<status status="PASS" start="2025-10-20T21:11:14.772170" elapsed="5.024962"/>
</kw>
<arg>${PERFIL.ANALISTA}</arg>
<status status="PASS" start="2025-10-20T21:11:12.111183" elapsed="7.686319"/>
</kw>
<kw name="WHEN inicio um cadastro de um produto" owner="serverest_service">
<kw name="preencher formulario de cadastro de produto" owner="serverest_dao">
<kw name="Text" owner="FakerLibrary">
<msg time="2025-10-20T21:11:19.803466" level="INFO">${produto} = At et beatae voluptatibus nemo vero. Ut expedita alias adipisci. Placeat quae asperiores repudiandae laudantium ducimus debitis esse.</msg>
<var>${produto}</var>
<doc>Generate a text string.</doc>
<status status="PASS" start="2025-10-20T21:11:19.802753" elapsed="0.000816"/>
</kw>
<kw name="Text" owner="FakerLibrary">
<msg time="2025-10-20T21:11:19.804644" level="INFO">${descricao} = Deleniti odit est voluptate eligendi. Consectetur adipisci deleniti fugiat velit ut repellendus. Expedita accusamus alias. Rerum quod quasi illum iusto.</msg>
<var>${descricao}</var>
<doc>Generate a text string.</doc>
<status status="PASS" start="2025-10-20T21:11:19.803967" elapsed="0.000811"/>
</kw>
<kw name="Click Element" owner="SeleniumLibrary">
<msg time="2025-10-20T21:11:19.807070" level="INFO">Clicking element '//a[@data-testid='cadastrarProdutos']'.</msg>
<arg>${cadastroProduto.btnCadastro}</arg>
<doc>Click the element identified by ``locator``.</doc>
<status status="PASS" start="2025-10-20T21:11:19.805274" elapsed="0.222546"/>
</kw>
<kw name="Input Text" owner="SeleniumLibrary">
<msg time="2025-10-20T21:11:20.030156" level="INFO">Typing text 'At et beatae vo' into text field '//input[@data-testid='nome']'.</msg>
<arg>${cadastroProduto.nomeProduto}</arg>
<arg>${produto}[0:15]</arg>
<doc>Types the given ``text`` into the text field identified by ``locator``.</doc>
<status status="PASS" start="2025-10-20T21:11:20.028363" elapsed="0.312152"/>
</kw>
<kw name="Input Text" owner="SeleniumLibrary">
<msg time="2025-10-20T21:11:20.342871" level="INFO">Typing text '100' into text field '//input[@data-testid='preco']'.</msg>
<arg>${cadastroProduto.precoProduto}</arg>
<arg>100</arg>
<doc>Types the given ``text`` into the text field identified by ``locator``.</doc>
<status status="PASS" start="2025-10-20T21:11:20.341157" elapsed="0.324397"/>
</kw>
<kw name="Input Text" owner="SeleniumLibrary">
<msg time="2025-10-20T21:11:20.667851" level="INFO">Typing text 'Deleniti odit est vo' into text field '//textarea[@data-testid='descricao']'.</msg>
<arg>${cadastroProduto.descricaoProduto}</arg>
<arg>${descricao}[0:20]</arg>
<doc>Types the given ``text`` into the text field identified by ``locator``.</doc>
<status status="PASS" start="2025-10-20T21:11:20.666116" elapsed="0.378336"/>
</kw>
<kw name="Input Text" owner="SeleniumLibrary">
<msg time="2025-10-20T21:11:21.046124" level="INFO">Typing text '2' into text field 'css:input[data-testid='quantity']'.</msg>
<arg>${cadastroProduto.qtProduto}</arg>
<arg>2</arg>
<doc>Types the given ``text`` into the text field identified by ``locator``.</doc>
<status status="PASS" start="2025-10-20T21:11:21.044910" elapsed="0.231620"/>
</kw>
<status status="PASS" start="2025-10-20T21:11:19.802014" elapsed="1.474946"/>
</kw>
<status status="PASS" start="2025-10-20T21:11:19.800968" elapsed="1.476307"/>
</kw>
<kw name="AND inserir os documentos necessários" owner="serverest_service">
<kw name="anexar arquivo" owner="serverest_dao">
<kw name="Sleep" owner="BuiltIn">
<msg time="2025-10-20T21:11:24.297775" level="INFO">Slept 3 seconds.</msg>
<arg>03</arg>
<doc>Pauses the test executed for the given time.</doc>
<status status="PASS" start="2025-10-20T21:11:21.297122" elapsed="3.000839"/>
</kw>
<kw name="Caminho do arquivo" owner="global">
<kw name="Normalize Path" owner="OperatingSystem">
<msg time="2025-10-20T21:11:24.299488" level="INFO">${caminhoRelatorio} = C:\serverest\testresource\files\isdin.jpg</msg>
<var>${caminhoRelatorio}</var>
<arg>C:\\serverest\\resources\\commons${/}..${/}..${/}testresource${/}files${/}isdin.jpg</arg>
<doc>Normalizes the given path.</doc>
<status status="PASS" start="2025-10-20T21:11:24.298856" elapsed="0.000703"/>
</kw>
<kw name="Set Global Variable" owner="BuiltIn">
<msg time="2025-10-20T21:11:24.300401" level="INFO">${caminhoRelatorio} = C:\serverest\testresource\files\isdin.jpg</msg>
<arg>${caminhoRelatorio}</arg>
<doc>Makes a variable available globally in all tests and suites.</doc>
<status status="PASS" start="2025-10-20T21:11:24.299873" elapsed="0.000636"/>
</kw>
<status status="PASS" start="2025-10-20T21:11:24.298321" elapsed="0.002349"/>
</kw>
<kw name="Choose File" owner="SeleniumLibrary">
<msg time="2025-10-20T21:11:24.302091" level="INFO">Sending C:\serverest\testresource\files\isdin.jpg to browser.</msg>
<arg>${anexo.uploadAnexo}</arg>
<arg>${caminhoRelatorio}</arg>
<doc>Inputs the ``file_path`` into the file input field ``locator``.</doc>
<status status="PASS" start="2025-10-20T21:11:24.300929" elapsed="0.058901"/>
</kw>
<status status="PASS" start="2025-10-20T21:11:21.295942" elapsed="3.064194"/>
</kw>
<status status="PASS" start="2025-10-20T21:11:21.294299" elapsed="3.065975"/>
</kw>
<kw name="AND enviar a solicitação" owner="serverest_service">
<kw name="enviar o cadastro do produto" owner="serverest_dao">
<kw name="Click Element" owner="SeleniumLibrary">
<msg time="2025-10-20T21:11:24.364482" level="INFO">Clicking element 'css:button[data-testid='cadastarProdutos']'.</msg>
<arg>${cadastroProduto.btnCadastrarProduto}</arg>
<doc>Click the element identified by ``locator``.</doc>
<status status="PASS" start="2025-10-20T21:11:24.363277" elapsed="0.119881"/>
</kw>
<kw name="Sleep" owner="BuiltIn">
<msg time="2025-10-20T21:11:26.485368" level="INFO">Slept 2 seconds.</msg>
<arg>02</arg>
<doc>Pauses the test executed for the given time.</doc>
<status status="PASS" start="2025-10-20T21:11:24.483791" elapsed="2.001862"/>
</kw>
<status status="PASS" start="2025-10-20T21:11:24.361935" elapsed="2.123961"/>
</kw>
<status status="PASS" start="2025-10-20T21:11:24.360933" elapsed="2.125101"/>
</kw>
<kw name="THEN o sistema redireciona para a tela de listagem de produtos" owner="serverest_service">
<kw name="validar cadastro do produto" owner="serverest_dao">
<kw name="Get Text" owner="SeleniumLibrary">
<msg time="2025-10-20T21:11:26.533168" level="INFO">${validaNome} = Smartphone TesteQA 3</msg>
<var>${validaNome}</var>
<arg>xpath=//td[text()='${expected_text}']</arg>
<doc>Returns the text value of the element identified by ``locator``.</doc>
<status status="PASS" start="2025-10-20T21:11:26.488479" elapsed="0.044767"/>
</kw>
<kw name="Should Be Equal As Strings" owner="BuiltIn">
<arg>${validaNome}</arg>
<arg>${expected_text}</arg>
<doc>Fails if objects are unequal after converting them to strings.</doc>
<status status="PASS" start="2025-10-20T21:11:26.533729" elapsed="0.000507"/>
</kw>
<arg>Smartphone TesteQA 3</arg>
<status status="PASS" start="2025-10-20T21:11:26.487428" elapsed="0.046986"/>
</kw>
<status status="PASS" start="2025-10-20T21:11:26.486815" elapsed="0.047724"/>
</kw>
<kw name="Fechar Navegador" owner="global" type="TEARDOWN">
<kw name="Capture Page Screenshot" owner="SeleniumLibrary">
<msg time="2025-10-20T21:11:26.707498" level="INFO" html="true">&lt;/td&gt;&lt;/tr&gt;&lt;tr&gt;&lt;td colspan="3"&gt;&lt;a href="selenium-screenshot-8.png"&gt;&lt;img src="selenium-screenshot-8.png" width="800px"&gt;&lt;/a&gt;</msg>
<doc>Takes a screenshot of the current page and embeds it into a log file.</doc>
<status status="PASS" start="2025-10-20T21:11:26.536019" elapsed="0.171728"/>
</kw>
<kw name="Close Browser" owner="SeleniumLibrary">
<doc>Closes the current browser.</doc>
<status status="PASS" start="2025-10-20T21:11:26.708214" elapsed="2.385968"/>
</kw>
<status status="PASS" start="2025-10-20T21:11:26.535391" elapsed="2.559064"/>
</kw>
<tag>Cadastro</tag>
<status status="PASS" start="2025-10-20T21:11:06.698176" elapsed="22.396714"/>
</test>
<status status="PASS" start="2025-10-20T21:11:04.890845" elapsed="24.206317"/>
</suite>
<statistics>
<total>
<stat pass="1" fail="0" skip="0">All Tests</stat>
</total>
<tag>
<stat pass="1" fail="0" skip="0">Cadastro</stat>
</tag>
<suite>
<stat name="Serverest" id="s1" pass="1" fail="0" skip="0">Serverest</stat>
</suite>
</statistics>
<errors>
<msg time="2025-10-20T21:11:05.754647" level="WARN">Imported library 'C:\serverest\testresource\pageobjects\serverest_po.py' contains no keywords.</msg>
</errors>
</robot>
